<?xml version="1.0" encoding="UTF-8"?>
<!-- Generated by org.testng.reporters.JUnitReportReporter -->
<testsuite hostname="Davanssion" failures="0" tests="1" name="TestNG.HandlingAllDropdown" time="26.921" errors="0" timestamp="2024-01-18T20:02:56 IST" skipped="0">
  <testcase classname="TestNG.HandlingAllDropdown" name="VerifyAlldropdown" time="26.921"/>
  <system-out/>
</testsuite> <!-- TestNG.HandlingAllDropdown -->
