<?xml version="1.0" encoding="UTF-8"?>
<!-- Generated by org.testng.reporters.JUnitReportReporter -->
<testsuite hostname="Davanssion" failures="0" tests="1" name="TestNG.HandlingDropDown" time="21.975" errors="0" timestamp="2024-01-18T17:34:11 IST" skipped="0">
  <testcase classname="TestNG.HandlingDropDown" name="VerifyDropdown" time="21.975"/>
  <system-out/>
</testsuite> <!-- TestNG.HandlingDropDown -->
